<?xml version="1.0" encoding="UTF-8"?>
<!-- Generated by org.testng.reporters.JUnitXMLReporter -->
<testsuite hostname="Yuvan-HP-New" ignored="0" name="Surefire test" tests="8" failures="0" timestamp="2021-03-16T13:58:33 CET" time="2.474" errors="0">
  <testcase name="testGetAll" time="1.612" classname="PlayersAPI.RestAssured.PlayersApiTests"/>
  <testcase name="testAddNew" time="0.285" classname="PlayersAPI.RestAssured.PlayersApiTests"/>
  <testcase name="testGetById" time="0.447" classname="PlayersAPI.RestAssured.PlayersApiTests"/>
  <testcase name="testNegativeAddNew" time="0.015" classname="PlayersAPI.RestAssured.PlayersApiTests"/>
  <testcase name="testUpdateById" time="0.036" classname="PlayersAPI.RestAssured.PlayersApiTests"/>
  <testcase name="testNegativeUpdateById" time="0.016" classname="PlayersAPI.RestAssured.PlayersApiTests"/>
  <testcase name="testDeleteById" time="0.026" classname="PlayersAPI.RestAssured.PlayersApiTests"/>
  <testcase name="testNegativeDeleteById" time="0.01" classname="PlayersAPI.RestAssured.PlayersApiTests"/>
</testsuite> <!-- Surefire test -->
