<?xml version="1.0" encoding="UTF-8"?>
<!-- Generated by org.testng.reporters.JUnitXMLReporter -->
<testsuite ignored="0" hostname="Yuvan-HP-New" failures="0" tests="8" name="Default test" time="2.073" errors="0" timestamp="2021-03-16T13:51:57 CET">
  <testcase classname="PlayersAPI.RestAssured.PlayersApiTests" name="testGetAll" time="1.192"/>
  <testcase classname="PlayersAPI.RestAssured.PlayersApiTests" name="testAddNew" time="0.303"/>
  <testcase classname="PlayersAPI.RestAssured.PlayersApiTests" name="testGetById" time="0.417"/>
  <testcase classname="PlayersAPI.RestAssured.PlayersApiTests" name="testNegativeAddNew" time="0.018"/>
  <testcase classname="PlayersAPI.RestAssured.PlayersApiTests" name="testUpdateById" time="0.04"/>
  <testcase classname="PlayersAPI.RestAssured.PlayersApiTests" name="testNegativeUpdateById" time="0.013"/>
  <testcase classname="PlayersAPI.RestAssured.PlayersApiTests" name="testDeleteById" time="0.032"/>
  <testcase classname="PlayersAPI.RestAssured.PlayersApiTests" name="testNegativeDeleteById" time="0.027"/>
</testsuite> <!-- Default test -->
