<?xml version="1.0" encoding="UTF-8"?>
<!-- Generated by org.testng.reporters.JUnitXMLReporter -->
<testsuite ignored="0" hostname="Yuvan-HP-New" failures="0" tests="8" name="Default test" time="2.106" errors="0" timestamp="2021-03-16T13:29:32 CET">
  <testcase classname="PlayersAPI.RestAssured.PlayersApiTests" name="testGetAll" time="1.213"/>
  <testcase classname="PlayersAPI.RestAssured.PlayersApiTests" name="testAddNew" time="0.335"/>
  <testcase classname="PlayersAPI.RestAssured.PlayersApiTests" name="testGetById" time="0.421"/>
  <testcase classname="PlayersAPI.RestAssured.PlayersApiTests" name="testNegativeAddNew" time="0.021"/>
  <testcase classname="PlayersAPI.RestAssured.PlayersApiTests" name="testUpdateById" time="0.034"/>
  <testcase classname="PlayersAPI.RestAssured.PlayersApiTests" name="testNegativeUpdateById" time="0.014"/>
  <testcase classname="PlayersAPI.RestAssured.PlayersApiTests" name="testDeleteById" time="0.026"/>
  <testcase classname="PlayersAPI.RestAssured.PlayersApiTests" name="testNegativeDeleteById" time="0.012"/>
</testsuite> <!-- Default test -->
