<?xml version="1.0" encoding="UTF-8"?>
<testsuite xmlns:xsi="http://www.w3.org/2001/XMLSchema-instance" xsi:noNamespaceSchemaLocation="https://maven.apache.org/surefire/maven-surefire-plugin/xsd/surefire-test-report.xsd" name="PlayersAPI.RestAssured.PlayersApiTests" time="3.208" tests="8" errors="0" skipped="0" failures="0">
  <properties>
[...]
</properties>
  <testcase name="testGetAll" classname="PlayersAPI.RestAssured.PlayersApiTests" time="1.613"/>
  <testcase name="testAddNew" classname="PlayersAPI.RestAssured.PlayersApiTests" time="0.285"/>
  <testcase name="testGetById" classname="PlayersAPI.RestAssured.PlayersApiTests" time="0.448"/>
  <testcase name="testNegativeAddNew" classname="PlayersAPI.RestAssured.PlayersApiTests" time="0.016"/>
  <testcase name="testUpdateById" classname="PlayersAPI.RestAssured.PlayersApiTests" time="0.035"/>
  <testcase name="testNegativeUpdateById" classname="PlayersAPI.RestAssured.PlayersApiTests" time="0.017"/>
  <testcase name="testDeleteById" classname="PlayersAPI.RestAssured.PlayersApiTests" time="0.027"/>
  <testcase name="testNegativeDeleteById" classname="PlayersAPI.RestAssured.PlayersApiTests" time="0.011"/>
</testsuite>